[2018-11-07 10:42:33,401] {/usr/local/lib/python3.6/site-packages/werkzeug/_internal.py:88} INFO -  * Running on http://0.0.0.0:8500/ (Press CTRL+C to quit)
[2018-11-07 10:42:33,402] {/usr/local/lib/python3.6/site-packages/werkzeug/_internal.py:88} INFO -  * Restarting with stat
[2018-11-07 10:42:34,442] {/usr/local/lib/python3.6/site-packages/werkzeug/_internal.py:88} WARNING -  * Debugger is active!
[2018-11-07 10:42:34,454] {/usr/local/lib/python3.6/site-packages/werkzeug/_internal.py:88} INFO -  * Debugger PIN: 210-888-839
[2018-11-07 11:08:38,437] {/usr/local/lib/python3.6/site-packages/werkzeug/_internal.py:88} INFO -  * Running on http://0.0.0.0:8500/ (Press CTRL+C to quit)
[2018-11-07 11:08:38,438] {/usr/local/lib/python3.6/site-packages/werkzeug/_internal.py:88} INFO -  * Restarting with stat
[2018-11-07 11:08:39,557] {/usr/local/lib/python3.6/site-packages/werkzeug/_internal.py:88} WARNING -  * Debugger is active!
[2018-11-07 11:08:39,573] {/usr/local/lib/python3.6/site-packages/werkzeug/_internal.py:88} INFO -  * Debugger PIN: 210-888-839
[2018-11-07 11:10:48,073] {/usr/local/lib/python3.6/site-packages/werkzeug/_internal.py:88} INFO -  * Detected change in '/Users/dyingapple/PrTf/api-gateway-v3/service/service.py', reloading
[2018-11-07 11:10:48,208] {/usr/local/lib/python3.6/site-packages/werkzeug/_internal.py:88} INFO -  * Restarting with stat
[2018-11-07 11:10:49,557] {/usr/local/lib/python3.6/site-packages/werkzeug/_internal.py:88} WARNING -  * Debugger is active!
[2018-11-07 11:10:49,569] {/usr/local/lib/python3.6/site-packages/werkzeug/_internal.py:88} INFO -  * Debugger PIN: 210-888-839
[2018-11-07 15:49:53,985] {/usr/local/lib/python3.6/site-packages/werkzeug/_internal.py:88} INFO - 127.0.0.1 - - [07/Nov/2018 15:49:53] "[1m[31mPOST /v1 HTTP/1.1[0m" 405 -
[2018-11-07 15:50:59,959] {/usr/local/lib/python3.6/site-packages/werkzeug/_internal.py:88} INFO - 127.0.0.1 - - [07/Nov/2018 15:50:59] "[1m[35mPOST /v1/tasks HTTP/1.1[0m" 500 -
[2018-11-07 15:51:42,491] {/usr/local/lib/python3.6/site-packages/werkzeug/_internal.py:88} INFO -  * Detected change in '/Users/dyingapple/PrTf/api-gateway-v3/service/service.py', reloading
[2018-11-07 15:51:42,655] {/usr/local/lib/python3.6/site-packages/werkzeug/_internal.py:88} INFO -  * Restarting with stat
[2018-11-07 15:51:44,066] {/usr/local/lib/python3.6/site-packages/werkzeug/_internal.py:88} WARNING -  * Debugger is active!
[2018-11-07 15:51:44,085] {/usr/local/lib/python3.6/site-packages/werkzeug/_internal.py:88} INFO -  * Debugger PIN: 210-888-839
[2018-11-07 15:52:49,758] {/usr/local/lib/python3.6/site-packages/werkzeug/_internal.py:88} INFO -  * Detected change in '/Users/dyingapple/PrTf/api-gateway-v3/service/service.py', reloading
[2018-11-07 15:52:49,895] {/usr/local/lib/python3.6/site-packages/werkzeug/_internal.py:88} INFO -  * Restarting with stat
[2018-11-07 15:52:51,050] {/usr/local/lib/python3.6/site-packages/werkzeug/_internal.py:88} WARNING -  * Debugger is active!
[2018-11-07 15:52:51,062] {/usr/local/lib/python3.6/site-packages/werkzeug/_internal.py:88} INFO -  * Debugger PIN: 210-888-839
[2018-11-07 15:53:14,682] {/usr/local/lib/python3.6/site-packages/werkzeug/_internal.py:88} INFO -  * Detected change in '/Users/dyingapple/PrTf/api-gateway-v3/service/service.py', reloading
[2018-11-07 15:53:14,820] {/usr/local/lib/python3.6/site-packages/werkzeug/_internal.py:88} INFO -  * Restarting with stat
[2018-11-07 15:55:28,554] {/usr/local/lib/python3.6/site-packages/werkzeug/_internal.py:88} INFO -  * Running on http://0.0.0.0:8500/ (Press CTRL+C to quit)
[2018-11-07 15:55:28,555] {/usr/local/lib/python3.6/site-packages/werkzeug/_internal.py:88} INFO -  * Restarting with stat
[2018-11-07 15:55:29,754] {/usr/local/lib/python3.6/site-packages/werkzeug/_internal.py:88} WARNING -  * Debugger is active!
[2018-11-07 15:55:29,766] {/usr/local/lib/python3.6/site-packages/werkzeug/_internal.py:88} INFO -  * Debugger PIN: 210-888-839
[2018-11-07 15:56:27,374] {/usr/local/lib/python3.6/site-packages/werkzeug/_internal.py:88} INFO -  * Detected change in '/Users/dyingapple/PrTf/api-gateway-v3/service/service.py', reloading
[2018-11-07 15:56:27,524] {/usr/local/lib/python3.6/site-packages/werkzeug/_internal.py:88} INFO -  * Restarting with stat
[2018-11-07 15:56:28,820] {/usr/local/lib/python3.6/site-packages/werkzeug/_internal.py:88} WARNING -  * Debugger is active!
[2018-11-07 15:56:28,833] {/usr/local/lib/python3.6/site-packages/werkzeug/_internal.py:88} INFO -  * Debugger PIN: 210-888-839
[2018-11-07 15:56:59,015] {/usr/local/lib/python3.6/site-packages/werkzeug/_internal.py:88} INFO -  * Running on http://0.0.0.0:8500/ (Press CTRL+C to quit)
[2018-11-07 15:56:59,016] {/usr/local/lib/python3.6/site-packages/werkzeug/_internal.py:88} INFO -  * Restarting with stat
[2018-11-07 15:57:00,225] {/usr/local/lib/python3.6/site-packages/werkzeug/_internal.py:88} WARNING -  * Debugger is active!
[2018-11-07 15:57:00,239] {/usr/local/lib/python3.6/site-packages/werkzeug/_internal.py:88} INFO -  * Debugger PIN: 210-888-839
[2018-11-07 15:57:12,626] {/usr/local/lib/python3.6/site-packages/werkzeug/_internal.py:88} INFO - 127.0.0.1 - - [07/Nov/2018 15:57:12] "[37mPOST /v1/tasks HTTP/1.1[0m" 200 -
