2018-10-31 22:08:17,180 INFO: update reg [in gate.py:44]
2018-10-31 22:08:30,117 INFO: update reg [in gate.py:44]
2018-10-31 22:09:17,182 INFO: update reg [in gate.py:44]
2018-10-31 22:10:17,180 INFO: update reg [in gate.py:44]
2018-10-31 22:11:17,178 INFO: update reg [in gate.py:44]
2018-10-31 22:11:30,117 INFO: update reg [in gate.py:44]
[2018-10-31 22:38:26,247] {/usr/local/lib/python3.6/site-packages/werkzeug/_internal.py:88} INFO -  * Running on http://0.0.0.0:8501/ (Press CTRL+C to quit)
[2018-10-31 22:38:26,248] {/usr/local/lib/python3.6/site-packages/werkzeug/_internal.py:88} INFO -  * Restarting with stat
[2018-10-31 22:38:26,643] {/usr/local/lib/python3.6/site-packages/werkzeug/_internal.py:88} WARNING -  * Debugger is active!
[2018-10-31 22:38:26,657] {/usr/local/lib/python3.6/site-packages/werkzeug/_internal.py:88} INFO -  * Debugger PIN: 210-888-839
[2018-10-31 22:38:34,575] {/usr/local/lib/python3.6/site-packages/werkzeug/_internal.py:88} INFO - 127.0.0.1 - - [31/Oct/2018 22:38:34] "POST /v1/models/ini:predict HTTP/1.1" 200 -
[2018-10-31 22:38:42,417] {/usr/local/lib/python3.6/site-packages/werkzeug/_internal.py:88} INFO - 127.0.0.1 - - [31/Oct/2018 22:38:42] "POST /v1/models/ini:predict HTTP/1.1" 200 -
[2018-10-31 22:39:32,295] {/usr/local/lib/python3.6/site-packages/werkzeug/_internal.py:88} INFO -  * Detected change in '/Users/dyingapple/PrTf/api-gateway-v3/gate/gate.py', reloading
[2018-10-31 22:39:32,337] {/usr/local/lib/python3.6/site-packages/werkzeug/_internal.py:88} INFO -  * Restarting with stat
[2018-10-31 22:39:32,851] {/usr/local/lib/python3.6/site-packages/werkzeug/_internal.py:88} WARNING -  * Debugger is active!
[2018-10-31 22:39:32,865] {/usr/local/lib/python3.6/site-packages/werkzeug/_internal.py:88} INFO -  * Debugger PIN: 210-888-839
[2018-10-31 22:40:49,669] {/usr/local/lib/python3.6/site-packages/werkzeug/_internal.py:88} INFO -  * Detected change in '/Users/dyingapple/PrTf/api-gateway-v3/gate/gate.py', reloading
[2018-10-31 22:40:49,722] {/usr/local/lib/python3.6/site-packages/werkzeug/_internal.py:88} INFO -  * Restarting with stat
[2018-10-31 22:40:50,246] {/usr/local/lib/python3.6/site-packages/werkzeug/_internal.py:88} WARNING -  * Debugger is active!
[2018-10-31 22:40:50,259] {/usr/local/lib/python3.6/site-packages/werkzeug/_internal.py:88} INFO -  * Debugger PIN: 210-888-839
[2018-10-31 22:40:50,989] {/usr/local/lib/python3.6/site-packages/werkzeug/_internal.py:88} INFO - 127.0.0.1 - - [31/Oct/2018 22:40:50] "POST /v1/models/ini:predict HTTP/1.1" 500 -
[2018-10-31 22:41:04,429] {/usr/local/lib/python3.6/site-packages/werkzeug/_internal.py:88} INFO -  * Detected change in '/Users/dyingapple/PrTf/api-gateway-v3/gate/gate.py', reloading
[2018-10-31 22:41:04,470] {/usr/local/lib/python3.6/site-packages/werkzeug/_internal.py:88} INFO -  * Restarting with stat
[2018-10-31 22:41:04,967] {/usr/local/lib/python3.6/site-packages/werkzeug/_internal.py:88} WARNING -  * Debugger is active!
[2018-10-31 22:41:04,978] {/usr/local/lib/python3.6/site-packages/werkzeug/_internal.py:88} INFO -  * Debugger PIN: 210-888-839
[2018-10-31 22:41:05,430] {/usr/local/lib/python3.6/site-packages/werkzeug/_internal.py:88} INFO - 127.0.0.1 - - [31/Oct/2018 22:41:05] "POST /v1/models/ini:predict HTTP/1.1" 500 -
[2018-10-31 22:41:19,135] {/usr/local/lib/python3.6/site-packages/werkzeug/_internal.py:88} INFO -  * Detected change in '/Users/dyingapple/PrTf/api-gateway-v3/gate/gate.py', reloading
[2018-10-31 22:41:19,174] {/usr/local/lib/python3.6/site-packages/werkzeug/_internal.py:88} INFO -  * Restarting with stat
[2018-10-31 22:41:19,628] {/usr/local/lib/python3.6/site-packages/werkzeug/_internal.py:88} WARNING -  * Debugger is active!
[2018-10-31 22:41:19,645] {/usr/local/lib/python3.6/site-packages/werkzeug/_internal.py:88} INFO -  * Debugger PIN: 210-888-839
[2018-10-31 22:41:19,775] {/usr/local/lib/python3.6/site-packages/werkzeug/_internal.py:88} INFO - 127.0.0.1 - - [31/Oct/2018 22:41:19] "POST /v1/models/ini:predict HTTP/1.1" 200 -
[2018-10-31 22:41:37,867] {/usr/local/lib/python3.6/site-packages/werkzeug/_internal.py:88} INFO -  * Detected change in '/Users/dyingapple/PrTf/api-gateway-v3/gate/gate.py', reloading
[2018-10-31 22:41:37,914] {/usr/local/lib/python3.6/site-packages/werkzeug/_internal.py:88} INFO -  * Restarting with stat
[2018-10-31 22:41:38,483] {/usr/local/lib/python3.6/site-packages/werkzeug/_internal.py:88} WARNING -  * Debugger is active!
[2018-10-31 22:41:38,497] {/usr/local/lib/python3.6/site-packages/werkzeug/_internal.py:88} INFO -  * Debugger PIN: 210-888-839
[2018-10-31 22:41:39,569] {/usr/local/lib/python3.6/site-packages/werkzeug/_internal.py:88} INFO - 127.0.0.1 - - [31/Oct/2018 22:41:39] "POST /v1/models/ini:predict HTTP/1.1" 500 -
[2018-10-31 22:42:10,851] {/usr/local/lib/python3.6/site-packages/werkzeug/_internal.py:88} INFO -  * Detected change in '/Users/dyingapple/PrTf/api-gateway-v3/gate/gate.py', reloading
[2018-10-31 22:42:10,892] {/usr/local/lib/python3.6/site-packages/werkzeug/_internal.py:88} INFO -  * Restarting with stat
[2018-10-31 22:42:11,427] {/usr/local/lib/python3.6/site-packages/werkzeug/_internal.py:88} WARNING -  * Debugger is active!
[2018-10-31 22:42:11,439] {/usr/local/lib/python3.6/site-packages/werkzeug/_internal.py:88} INFO -  * Debugger PIN: 210-888-839
[2018-10-31 22:42:21,541] {/usr/local/lib/python3.6/site-packages/werkzeug/_internal.py:88} INFO -  * Detected change in '/Users/dyingapple/PrTf/api-gateway-v3/gate/gate.py', reloading
[2018-10-31 22:42:21,585] {/usr/local/lib/python3.6/site-packages/werkzeug/_internal.py:88} INFO -  * Restarting with stat
[2018-10-31 22:42:22,182] {/usr/local/lib/python3.6/site-packages/werkzeug/_internal.py:88} WARNING -  * Debugger is active!
[2018-10-31 22:42:22,198] {/usr/local/lib/python3.6/site-packages/werkzeug/_internal.py:88} INFO -  * Debugger PIN: 210-888-839
[2018-10-31 22:42:22,766] {/usr/local/lib/python3.6/site-packages/werkzeug/_internal.py:88} INFO - 127.0.0.1 - - [31/Oct/2018 22:42:22] "POST /v1/models/ini:predict HTTP/1.1" 204 -
[2018-10-31 22:43:13,721] {/usr/local/lib/python3.6/site-packages/werkzeug/_internal.py:88} INFO -  * Detected change in '/Users/dyingapple/PrTf/api-gateway-v3/gate/gate.py', reloading
[2018-10-31 22:43:13,756] {/usr/local/lib/python3.6/site-packages/werkzeug/_internal.py:88} INFO -  * Restarting with stat
[2018-10-31 22:43:14,221] {/usr/local/lib/python3.6/site-packages/werkzeug/_internal.py:88} WARNING -  * Debugger is active!
[2018-10-31 22:43:14,232] {/usr/local/lib/python3.6/site-packages/werkzeug/_internal.py:88} INFO -  * Debugger PIN: 210-888-839
[2018-10-31 22:43:16,067] {/usr/local/lib/python3.6/site-packages/werkzeug/_internal.py:88} INFO - 127.0.0.1 - - [31/Oct/2018 22:43:16] "POST /v1/models/ini:predict HTTP/1.1" 416 -
[2018-10-31 22:45:12,351] {/usr/local/lib/python3.6/site-packages/werkzeug/_internal.py:88} INFO -  * Detected change in '/Users/dyingapple/PrTf/api-gateway-v3/gate/gate.py', reloading
[2018-10-31 22:45:12,387] {/usr/local/lib/python3.6/site-packages/werkzeug/_internal.py:88} INFO -  * Restarting with stat
[2018-10-31 22:45:12,765] {/usr/local/lib/python3.6/site-packages/werkzeug/_internal.py:88} WARNING -  * Debugger is active!
[2018-10-31 22:45:12,780] {/usr/local/lib/python3.6/site-packages/werkzeug/_internal.py:88} INFO -  * Debugger PIN: 210-888-839
[2018-10-31 22:45:52,190] {/usr/local/lib/python3.6/site-packages/werkzeug/_internal.py:88} INFO -  * Detected change in '/Users/dyingapple/PrTf/api-gateway-v3/gate/gate.py', reloading
[2018-10-31 22:45:52,226] {/usr/local/lib/python3.6/site-packages/werkzeug/_internal.py:88} INFO -  * Restarting with stat
[2018-10-31 22:45:52,734] {/usr/local/lib/python3.6/site-packages/werkzeug/_internal.py:88} WARNING -  * Debugger is active!
[2018-10-31 22:45:52,745] {/usr/local/lib/python3.6/site-packages/werkzeug/_internal.py:88} INFO -  * Debugger PIN: 210-888-839
[2018-10-31 22:46:04,867] {/usr/local/lib/python3.6/site-packages/werkzeug/_internal.py:88} INFO -  * Detected change in '/Users/dyingapple/PrTf/api-gateway-v3/gate/gate.py', reloading
[2018-10-31 22:46:04,903] {/usr/local/lib/python3.6/site-packages/werkzeug/_internal.py:88} INFO -  * Restarting with stat
[2018-10-31 22:46:05,279] {/usr/local/lib/python3.6/site-packages/werkzeug/_internal.py:88} WARNING -  * Debugger is active!
[2018-10-31 22:46:05,290] {/usr/local/lib/python3.6/site-packages/werkzeug/_internal.py:88} INFO -  * Debugger PIN: 210-888-839
[2018-10-31 22:46:11,355] {/usr/local/lib/python3.6/site-packages/werkzeug/_internal.py:88} INFO -  * Detected change in '/Users/dyingapple/PrTf/api-gateway-v3/gate/gate.py', reloading
[2018-10-31 22:46:11,390] {/usr/local/lib/python3.6/site-packages/werkzeug/_internal.py:88} INFO -  * Restarting with stat
[2018-10-31 22:46:11,760] {/usr/local/lib/python3.6/site-packages/werkzeug/_internal.py:88} WARNING -  * Debugger is active!
[2018-10-31 22:46:11,771] {/usr/local/lib/python3.6/site-packages/werkzeug/_internal.py:88} INFO -  * Debugger PIN: 210-888-839
[2018-10-31 22:46:24,893] {/usr/local/lib/python3.6/site-packages/werkzeug/_internal.py:88} INFO -  * Detected change in '/Users/dyingapple/PrTf/api-gateway-v3/gate/gate.py', reloading
[2018-10-31 22:46:24,930] {/usr/local/lib/python3.6/site-packages/werkzeug/_internal.py:88} INFO -  * Restarting with stat
[2018-10-31 22:46:25,319] {/usr/local/lib/python3.6/site-packages/werkzeug/_internal.py:88} WARNING -  * Debugger is active!
[2018-10-31 22:46:25,331] {/usr/local/lib/python3.6/site-packages/werkzeug/_internal.py:88} INFO -  * Debugger PIN: 210-888-839
[2018-10-31 22:46:28,365] {/usr/local/lib/python3.6/site-packages/werkzeug/_internal.py:88} INFO -  * Detected change in '/Users/dyingapple/PrTf/api-gateway-v3/gate/gate.py', reloading
[2018-10-31 22:46:28,401] {/usr/local/lib/python3.6/site-packages/werkzeug/_internal.py:88} INFO -  * Restarting with stat
[2018-10-31 22:46:28,792] {/usr/local/lib/python3.6/site-packages/werkzeug/_internal.py:88} WARNING -  * Debugger is active!
[2018-10-31 22:46:28,803] {/usr/local/lib/python3.6/site-packages/werkzeug/_internal.py:88} INFO -  * Debugger PIN: 210-888-839
[2018-10-31 22:46:37,890] {/usr/local/lib/python3.6/site-packages/werkzeug/_internal.py:88} INFO -  * Detected change in '/Users/dyingapple/PrTf/api-gateway-v3/gate/gate.py', reloading
[2018-10-31 22:46:37,930] {/usr/local/lib/python3.6/site-packages/werkzeug/_internal.py:88} INFO -  * Restarting with stat
[2018-10-31 22:46:38,298] {/usr/local/lib/python3.6/site-packages/werkzeug/_internal.py:88} WARNING -  * Debugger is active!
[2018-10-31 22:46:38,310] {/usr/local/lib/python3.6/site-packages/werkzeug/_internal.py:88} INFO -  * Debugger PIN: 210-888-839
[2018-10-31 22:46:51,442] {/usr/local/lib/python3.6/site-packages/werkzeug/_internal.py:88} INFO -  * Detected change in '/Users/dyingapple/PrTf/api-gateway-v3/gate/gate.py', reloading
[2018-10-31 22:46:51,487] {/usr/local/lib/python3.6/site-packages/werkzeug/_internal.py:88} INFO -  * Restarting with stat
[2018-10-31 22:46:51,941] {/usr/local/lib/python3.6/site-packages/werkzeug/_internal.py:88} WARNING -  * Debugger is active!
[2018-10-31 22:46:51,954] {/usr/local/lib/python3.6/site-packages/werkzeug/_internal.py:88} INFO -  * Debugger PIN: 210-888-839
[2018-10-31 22:47:17,196] {/usr/local/lib/python3.6/site-packages/werkzeug/_internal.py:88} INFO -  * Detected change in '/Users/dyingapple/PrTf/api-gateway-v3/gate/gate.py', reloading
[2018-10-31 22:47:17,233] {/usr/local/lib/python3.6/site-packages/werkzeug/_internal.py:88} INFO -  * Restarting with stat
[2018-10-31 22:48:43,670] {/usr/local/lib/python3.6/site-packages/werkzeug/_internal.py:88} INFO -  * Running on http://0.0.0.0:8501/ (Press CTRL+C to quit)
[2018-10-31 22:48:43,671] {/usr/local/lib/python3.6/site-packages/werkzeug/_internal.py:88} INFO -  * Restarting with stat
[2018-10-31 22:48:44,034] {/usr/local/lib/python3.6/site-packages/werkzeug/_internal.py:88} WARNING -  * Debugger is active!
[2018-10-31 22:48:44,045] {/usr/local/lib/python3.6/site-packages/werkzeug/_internal.py:88} INFO -  * Debugger PIN: 210-888-839
[2018-11-03 15:46:09,348] {/usr/local/lib/python3.6/site-packages/werkzeug/_internal.py:88} INFO -  * Running on http://0.0.0.0:8501/ (Press CTRL+C to quit)
[2018-11-03 15:46:09,349] {/usr/local/lib/python3.6/site-packages/werkzeug/_internal.py:88} INFO -  * Restarting with stat
[2018-11-03 15:46:09,714] {/usr/local/lib/python3.6/site-packages/werkzeug/_internal.py:88} WARNING -  * Debugger is active!
[2018-11-03 15:46:09,727] {/usr/local/lib/python3.6/site-packages/werkzeug/_internal.py:88} INFO -  * Debugger PIN: 210-888-839
[2018-11-03 15:46:23,003] {/usr/local/lib/python3.6/site-packages/werkzeug/_internal.py:88} INFO -  * Running on http://0.0.0.0:8501/ (Press CTRL+C to quit)
[2018-11-03 15:46:23,003] {/usr/local/lib/python3.6/site-packages/werkzeug/_internal.py:88} INFO -  * Restarting with stat
[2018-11-03 15:46:23,396] {/usr/local/lib/python3.6/site-packages/werkzeug/_internal.py:88} WARNING -  * Debugger is active!
[2018-11-03 15:46:23,406] {/usr/local/lib/python3.6/site-packages/werkzeug/_internal.py:88} INFO -  * Debugger PIN: 210-888-839
[2018-11-03 15:47:11,456] {/usr/local/lib/python3.6/site-packages/werkzeug/_internal.py:88} INFO - 127.0.0.1 - - [03/Nov/2018 15:47:11] "POST /v1/models/ini:predict HTTP/1.1" 406 -
[2018-11-03 15:47:53,294] {/usr/local/lib/python3.6/site-packages/werkzeug/_internal.py:88} INFO -  * Detected change in '/Users/dyingapple/PrTf/api-gateway-v3/gate/gate.py', reloading
[2018-11-03 15:47:53,337] {/usr/local/lib/python3.6/site-packages/werkzeug/_internal.py:88} INFO -  * Restarting with stat
[2018-11-03 15:47:53,746] {/usr/local/lib/python3.6/site-packages/werkzeug/_internal.py:88} WARNING -  * Debugger is active!
[2018-11-03 15:47:53,757] {/usr/local/lib/python3.6/site-packages/werkzeug/_internal.py:88} INFO -  * Debugger PIN: 210-888-839
[2018-11-03 15:48:08,905] {/usr/local/lib/python3.6/site-packages/werkzeug/_internal.py:88} INFO -  * Detected change in '/Users/dyingapple/PrTf/api-gateway-v3/gate/gate.py', reloading
[2018-11-03 15:48:08,939] {/usr/local/lib/python3.6/site-packages/werkzeug/_internal.py:88} INFO -  * Restarting with stat
[2018-11-03 15:48:09,314] {/usr/local/lib/python3.6/site-packages/werkzeug/_internal.py:88} WARNING -  * Debugger is active!
[2018-11-03 15:48:09,327] {/usr/local/lib/python3.6/site-packages/werkzeug/_internal.py:88} INFO -  * Debugger PIN: 210-888-839
[2018-11-03 15:48:49,738] {/usr/local/lib/python3.6/site-packages/werkzeug/_internal.py:88} INFO -  * Detected change in '/Users/dyingapple/PrTf/api-gateway-v3/gate/gate.py', reloading
[2018-11-03 15:48:49,778] {/usr/local/lib/python3.6/site-packages/werkzeug/_internal.py:88} INFO -  * Restarting with stat
[2018-11-03 15:48:50,151] {/usr/local/lib/python3.6/site-packages/werkzeug/_internal.py:88} WARNING -  * Debugger is active!
[2018-11-03 15:48:50,162] {/usr/local/lib/python3.6/site-packages/werkzeug/_internal.py:88} INFO -  * Debugger PIN: 210-888-839
[2018-11-03 15:48:54,206] {/usr/local/lib/python3.6/site-packages/werkzeug/_internal.py:88} INFO -  * Detected change in '/Users/dyingapple/PrTf/api-gateway-v3/gate/gate.py', reloading
[2018-11-03 15:48:54,244] {/usr/local/lib/python3.6/site-packages/werkzeug/_internal.py:88} INFO -  * Restarting with stat
[2018-11-03 15:48:54,615] {/usr/local/lib/python3.6/site-packages/werkzeug/_internal.py:88} WARNING -  * Debugger is active!
[2018-11-03 15:48:54,625] {/usr/local/lib/python3.6/site-packages/werkzeug/_internal.py:88} INFO -  * Debugger PIN: 210-888-839
[2018-11-03 15:48:59,681] {/usr/local/lib/python3.6/site-packages/werkzeug/_internal.py:88} INFO -  * Detected change in '/Users/dyingapple/PrTf/api-gateway-v3/gate/gate.py', reloading
[2018-11-03 15:48:59,717] {/usr/local/lib/python3.6/site-packages/werkzeug/_internal.py:88} INFO -  * Restarting with stat
[2018-11-03 15:49:00,081] {/usr/local/lib/python3.6/site-packages/werkzeug/_internal.py:88} WARNING -  * Debugger is active!
[2018-11-03 15:49:00,091] {/usr/local/lib/python3.6/site-packages/werkzeug/_internal.py:88} INFO -  * Debugger PIN: 210-888-839
[2018-11-03 15:50:29,011] {/usr/local/lib/python3.6/site-packages/werkzeug/_internal.py:88} INFO -  * Detected change in '/Users/dyingapple/PrTf/api-gateway-v3/gate/gate.py', reloading
[2018-11-03 15:50:29,047] {/usr/local/lib/python3.6/site-packages/werkzeug/_internal.py:88} INFO -  * Restarting with stat
[2018-11-03 15:50:29,418] {/usr/local/lib/python3.6/site-packages/werkzeug/_internal.py:88} WARNING -  * Debugger is active!
[2018-11-03 15:50:29,428] {/usr/local/lib/python3.6/site-packages/werkzeug/_internal.py:88} INFO -  * Debugger PIN: 210-888-839
[2018-11-03 15:50:38,520] {/usr/local/lib/python3.6/site-packages/werkzeug/_internal.py:88} INFO -  * Detected change in '/Users/dyingapple/PrTf/api-gateway-v3/gate/gate.py', reloading
[2018-11-03 15:50:38,553] {/usr/local/lib/python3.6/site-packages/werkzeug/_internal.py:88} INFO -  * Restarting with stat
[2018-11-03 15:50:38,931] {/usr/local/lib/python3.6/site-packages/werkzeug/_internal.py:88} WARNING -  * Debugger is active!
[2018-11-03 15:50:38,942] {/usr/local/lib/python3.6/site-packages/werkzeug/_internal.py:88} INFO -  * Debugger PIN: 210-888-839
[2018-11-03 15:50:40,965] {/usr/local/lib/python3.6/site-packages/werkzeug/_internal.py:88} INFO -  * Detected change in '/Users/dyingapple/PrTf/api-gateway-v3/gate/gate.py', reloading
[2018-11-03 15:50:41,001] {/usr/local/lib/python3.6/site-packages/werkzeug/_internal.py:88} INFO -  * Restarting with stat
[2018-11-03 15:50:41,373] {/usr/local/lib/python3.6/site-packages/werkzeug/_internal.py:88} WARNING -  * Debugger is active!
[2018-11-03 15:50:41,383] {/usr/local/lib/python3.6/site-packages/werkzeug/_internal.py:88} INFO -  * Debugger PIN: 210-888-839
[2018-11-03 15:50:48,445] {/usr/local/lib/python3.6/site-packages/werkzeug/_internal.py:88} INFO -  * Detected change in '/Users/dyingapple/PrTf/api-gateway-v3/gate/gate.py', reloading
[2018-11-03 15:50:48,484] {/usr/local/lib/python3.6/site-packages/werkzeug/_internal.py:88} INFO -  * Restarting with stat
[2018-11-03 15:50:48,847] {/usr/local/lib/python3.6/site-packages/werkzeug/_internal.py:88} WARNING -  * Debugger is active!
[2018-11-03 15:50:48,858] {/usr/local/lib/python3.6/site-packages/werkzeug/_internal.py:88} INFO -  * Debugger PIN: 210-888-839
[2018-11-03 15:51:23,197] {/usr/local/lib/python3.6/site-packages/werkzeug/_internal.py:88} INFO -  * Detected change in '/Users/dyingapple/PrTf/api-gateway-v3/gate/gate.py', reloading
[2018-11-03 15:51:23,232] {/usr/local/lib/python3.6/site-packages/werkzeug/_internal.py:88} INFO -  * Restarting with stat
[2018-11-03 15:51:23,608] {/usr/local/lib/python3.6/site-packages/werkzeug/_internal.py:88} WARNING -  * Debugger is active!
[2018-11-03 15:51:23,618] {/usr/local/lib/python3.6/site-packages/werkzeug/_internal.py:88} INFO -  * Debugger PIN: 210-888-839
[2018-11-03 15:51:48,880] {/usr/local/lib/python3.6/site-packages/werkzeug/_internal.py:88} INFO -  * Detected change in '/Users/dyingapple/PrTf/api-gateway-v3/gate/gate.py', reloading
[2018-11-03 15:51:48,916] {/usr/local/lib/python3.6/site-packages/werkzeug/_internal.py:88} INFO -  * Restarting with stat
[2018-11-03 15:51:49,290] {/usr/local/lib/python3.6/site-packages/werkzeug/_internal.py:88} WARNING -  * Debugger is active!
[2018-11-03 15:51:49,301] {/usr/local/lib/python3.6/site-packages/werkzeug/_internal.py:88} INFO -  * Debugger PIN: 210-888-839
[2018-11-03 15:51:55,373] {/usr/local/lib/python3.6/site-packages/werkzeug/_internal.py:88} INFO -  * Detected change in '/Users/dyingapple/PrTf/api-gateway-v3/gate/gate.py', reloading
[2018-11-03 15:51:55,412] {/usr/local/lib/python3.6/site-packages/werkzeug/_internal.py:88} INFO -  * Restarting with stat
[2018-11-03 15:51:55,785] {/usr/local/lib/python3.6/site-packages/werkzeug/_internal.py:88} WARNING -  * Debugger is active!
[2018-11-03 15:51:55,796] {/usr/local/lib/python3.6/site-packages/werkzeug/_internal.py:88} INFO -  * Debugger PIN: 210-888-839
[2018-11-03 15:51:57,819] {/usr/local/lib/python3.6/site-packages/werkzeug/_internal.py:88} INFO -  * Detected change in '/Users/dyingapple/PrTf/api-gateway-v3/gate/gate.py', reloading
[2018-11-03 15:51:57,872] {/usr/local/lib/python3.6/site-packages/werkzeug/_internal.py:88} INFO -  * Restarting with stat
[2018-11-03 15:51:58,262] {/usr/local/lib/python3.6/site-packages/werkzeug/_internal.py:88} WARNING -  * Debugger is active!
[2018-11-03 15:51:58,273] {/usr/local/lib/python3.6/site-packages/werkzeug/_internal.py:88} INFO -  * Debugger PIN: 210-888-839
[2018-11-03 15:53:44,339] {/usr/local/lib/python3.6/site-packages/werkzeug/_internal.py:88} INFO -  * Detected change in '/Users/dyingapple/PrTf/api-gateway-v3/gate/gate.py', reloading
[2018-11-03 15:53:44,380] {/usr/local/lib/python3.6/site-packages/werkzeug/_internal.py:88} INFO -  * Restarting with stat
2018-11-03 15:53:44,778 - werkzeug - WARNING -  * Debugger is active!
2018-11-03 15:53:44,789 - werkzeug - INFO -  * Debugger PIN: 210-888-839
2018-11-03 15:54:14,089 - werkzeug - INFO -  * Detected change in '/Users/dyingapple/PrTf/api-gateway-v3/gate/gate.py', reloading
[2018-11-03 15:54:14,144] {/usr/local/lib/python3.6/site-packages/werkzeug/_internal.py:88} INFO -  * Restarting with stat
2018-11-03 15:56:12,375 - werkzeug - INFO -  * Running on http://0.0.0.0:8501/ (Press CTRL+C to quit)
2018-11-03 15:56:12,376 - werkzeug - INFO -  * Restarting with stat
2018-11-03 15:56:12,824 - werkzeug - WARNING -  * Debugger is active!
2018-11-03 15:56:12,836 - werkzeug - INFO -  * Debugger PIN: 210-888-839
2018-11-03 15:56:17,021 - werkzeug - INFO - 127.0.0.1 - - [03/Nov/2018 15:56:17] "POST /v1/models/ini:predict HTTP/1.1" 406 -
2018-11-03 15:58:02,988 - werkzeug - INFO -  * Detected change in '/Users/dyingapple/PrTf/api-gateway-v3/gate/gate.py', reloading
2018-11-03 15:58:03,030 - werkzeug - INFO -  * Restarting with stat
